Looking at Module: libsoundmenu.so
about to connect to the signals
Connected to Application Indicator Service.
new_application_item ("Set Up Chat...")
signal caught - sink input while muted with value 0
signal caught - sink input while muted with value 0
signal caught - sink input while muted with value 0
signal caught - sink input while muted with value 0
signal caught - sink input while muted with value 0
signal caught - sink input while muted with value 0
signal caught - sink input while muted with value 0
signal caught - sink input while muted with value 0
signal caught - sink input while muted with value 0
signal caught - sink input while muted with value 0
signal caught - sink input while muted with value 0
signal caught - sink input while muted with value 0
signal caught - sink input while muted with value 0
signal caught - sink input while muted with value 0
signal caught - sink input while muted with value 0
signal caught - sink input while muted with value 0
signal caught - sink input while muted with value 0
signal caught - sink input while muted with value 0
signal caught - sink input while muted with value 0
signal caught - sink input while muted with value 0
signal caught - sink input while muted with value 0
signal caught - sink input while muted with value 0
signal caught - sink input while muted with value 0
signal caught - sink input while muted with value 0
signal caught - sink input while muted with value 0
signal caught - sink input while muted with value 0
signal caught - sink input while muted with value 0
signal caught - sink input while muted with value 0
signal caught - sink input while muted with value 0
signal caught - sink input while muted with value 0
signal caught - sink input while muted with value 0
signal caught - sink input while muted with value 0
signal caught - sink input while muted with value 0
signal caught - sink input while muted with value 0
signal caught - sink input while muted with value 0
signal caught - sink input while muted with value 0
signal caught - sink input while muted with value 0
signal caught - sink input while muted with value 0
signal caught - sink input while muted with value 0
signal caught - sink input while muted with value 0
signal caught - sink input while muted with value 0
signal caught - sink input while muted with value 0
signal caught - sink input while muted with value 0
signal caught - sink input while muted with value 0
signal caught - sink input while muted with value 0
signal caught - sink input while muted with value 0
signal caught - sink input while muted with value 0
signal caught - sink input while muted with value 0
signal caught - sink input while muted with value 0
signal caught - sink input while muted with value 0
signal caught - sink input while muted with value 0
signal caught - sink input while muted with value 0
signal caught - sink input while muted with value 0
signal caught - sink input while muted with value 0
signal caught - sink input while muted with value 0
signal caught - sink input while muted with value 0
signal caught - sink input while muted with value 0
signal caught - sink input while muted with value 0
signal caught - sink input while muted with value 0
signal caught - sink input while muted with value 0
signal caught - sink input while muted with value 0
signal caught - sink input while muted with value 0
signal caught - sink input while muted with value 0
signal caught - sink input while muted with value 0
signal caught - sink input while muted with value 0
signal caught - sink input while muted with value 0
signal caught - sink input while muted with value 0
signal caught - sink input while muted with value 0
signal caught - sink input while muted with value 0
signal caught - sink input while muted with value 0
signal caught - sink input while muted with value 0
signal caught - sink input while muted with value 0
signal caught - sink input while muted with value 0
signal caught - sink input while muted with value 0
signal caught - sink input while muted with value 0
signal caught - sink input while muted with value 0
signal caught - sink input while muted with value 0
signal caught - sink input while muted with value 0
signal caught - sink input while muted with value 0
signal caught - sink input while muted with value 0
signal caught - sink input while muted with value 0
signal caught - sink input while muted with value 0
signal caught - sink input while muted with value 0
signal caught - sink input while muted with value 0
signal caught - sink input while muted with value 0
signal caught - sink input while muted with value 0
signal caught - sink input while muted with value 0
signal caught - sink input while muted with value 0
signal caught - sink input while muted with value 0
signal caught - sink input while muted with value 0
signal caught - sink input while muted with value 0
signal caught - sink input while muted with value 0
signal caught - sink input while muted with value 0
signal caught - sink input while muted with value 0
signal caught - sink input while muted with value 0
signal caught - sink input while muted with value 0
signal caught - sink input while muted with value 0
signal caught - sink input while muted with value 0
signal caught - sink input while muted with value 0
signal caught - sink input while muted with value 0
signal caught - sink input while muted with value 0
signal caught - sink input while muted with value 0
signal caught - sink input while muted with value 0
signal caught - sink input while muted with value 0
signal caught - sink input while muted with value 0
signal caught - sink input while muted with value 0
signal caught - sink input while muted with value 0
signal caught - sink input while muted with value 0
signal caught - sink input while muted with value 0
signal caught - sink input while muted with value 0
signal caught - sink input while muted with value 0
signal caught - sink input while muted with value 0
signal caught - sink input while muted with value 0
signal caught - sink input while muted with value 0
signal caught - sink input while muted with value 0
signal caught - sink input while muted with value 0
signal caught - sink input while muted with value 0
signal caught - sink input while muted with value 0
signal caught - sink input while muted with value 0
signal caught - sink input while muted with value 0
signal caught - sink input while muted with value 0
signal caught - sink input while muted with value 0
signal caught - sink input while muted with value 0
signal caught - sink input while muted with value 0
signal caught - sink input while muted with value 0
signal caught - sink input while muted with value 0
signal caught - sink input while muted with value 0
signal caught - sink input while muted with value 0
signal caught - sink input while muted with value 0
signal caught - sink input while muted with value 0
signal caught - sink input while muted with value 0
signal caught - sink input while muted with value 0
signal caught - sink input while muted with value 0
signal caught - sink input while muted with value 0
signal caught - sink input while muted with value 0
signal caught - sink input while muted with value 0
signal caught - sink input while muted with value 0
signal caught - sink input while muted with value 0
signal caught - sink input while muted with value 0
signal caught - sink input while muted with value 0
signal caught - sink input while muted with value 0
signal caught - sink input while muted with value 0
signal caught - sink input while muted with value 0
signal caught - sink input while muted with value 0
signal caught - sink input while muted with value 0
signal caught - sink input while muted with value 0
signal caught - sink input while muted with value 0
signal caught - sink input while muted with value 0
signal caught - sink input while muted with value 0
signal caught - sink input while muted with value 0
signal caught - sink input while muted with value 0
signal caught - sink input while muted with value 0
signal caught - sink input while muted with value 0
signal caught - sink input while muted with value 0
signal caught - sink input while muted with value 0
signal caught - sink input while muted with value 0
signal caught - sink input while muted with value 0
signal caught - sink input while muted with value 0
